<?xml version="1.0" encoding="UTF-8"?>
<testsuite xmlns:xsi="http://www.w3.org/2001/XMLSchema-instance" xsi:noNamespaceSchemaLocation="https://maven.apache.org/surefire/maven-surefire-plugin/xsd/surefire-test-report.xsd" version="3.0.2" name="com.converter.doctopdf.DocToPdf.DocToPdfApplicationTests" time="3.779" tests="1" errors="0" skipped="0" failures="0">
  <properties>
[...]
</properties>
  <testcase name="contextLoads" classname="com.converter.doctopdf.DocToPdf.DocToPdfApplicationTests" time="0.851">
    <system-out><![CDATA[14:54:41.405 [main] INFO org.springframework.test.context.support.AnnotationConfigContextLoaderUtils -- Could not detect default configuration classes for test class [com.converter.doctopdf.DocToPdf.DocToPdfApplicationTests]: DocToPdfApplicationTests does not declare any static, non-private, non-final, nested classes annotated with @Configuration.
14:54:41.555 [main] INFO org.springframework.boot.test.context.SpringBootTestContextBootstrapper -- Found @SpringBootConfiguration com.converter.doctopdf.DocToPdf.DocToPdfApplication for test class com.converter.doctopdf.DocToPdf.DocToPdfApplicationTests
14:54:41.779 [main] INFO org.springframework.boot.devtools.restart.RestartApplicationListener -- Restart disabled due to context in which it is running

  .   ____          _            __ _ _
 /\\ / ___'_ __ _ _(_)_ __  __ _ \ \ \ \
( ( )\___ | '_ | '_| | '_ \/ _` | \ \ \ \
 \\/  ___)| |_)| | | | | || (_| |  ) ) ) )
  '  |____| .__|_| |_|_| |_\__, | / / / /
 =========|_|==============|___/=/_/_/_/

 :: Spring Boot ::                (v3.5.0)

2025-06-12T14:54:42.113+05:30  INFO 26904 --- [doc-to-pdf-converter] [           main] c.c.d.DocToPdf.DocToPdfApplicationTests  : Starting DocToPdfApplicationTests using Java 19 with PID 26904 (started by rmaha in C:\coding\springboot Vs\DocToPdf)
2025-06-12T14:54:42.114+05:30 DEBUG 26904 --- [doc-to-pdf-converter] [           main] c.c.d.DocToPdf.DocToPdfApplicationTests  : Running with Spring Boot v3.5.0, Spring v6.2.7
2025-06-12T14:54:42.115+05:30  INFO 26904 --- [doc-to-pdf-converter] [           main] c.c.d.DocToPdf.DocToPdfApplicationTests  : No active profile set, falling back to 1 default profile: "default"
2025-06-12T14:54:43.052+05:30  INFO 26904 --- [doc-to-pdf-converter] [           main] c.c.d.DocToPdf.config.LibreOfficeConfig  : Configuring LibreOffice manager with home: C:/Program Files/LibreOffice
2025-06-12T14:54:43.261+05:30 DEBUG 26904 --- [doc-to-pdf-converter] [           main] o.j.c.office.AbstractOfficeManagerPool   : Returning office manager to the pool...
2025-06-12T14:54:43.261+05:30 DEBUG 26904 --- [doc-to-pdf-converter] [           main] o.j.c.office.AbstractOfficeManagerPool   : Returning office manager to the pool...
2025-06-12T14:54:43.552+05:30  INFO 26904 --- [doc-to-pdf-converter] [           main] o.s.b.a.w.s.WelcomePageHandlerMapping    : Adding welcome page template: index
2025-06-12T14:54:43.775+05:30 DEBUG 26904 --- [doc-to-pdf-converter] [er-offprocmng-0] o.j.l.process.AbstractProcessManager     : Command line matches! Returning pid: 14848
2025-06-12T14:54:43.776+05:30  WARN 26904 --- [doc-to-pdf-converter] [er-offprocmng-0] o.j.l.office.LocalOfficeProcessManager   : A process with --accept 'socket,host=127.0.0.1,port=2002,tcpNoDelay=1;urp;StarOffice.ServiceManager' is already running; pid 14848; trying to kill it...
2025-06-12T14:54:43.779+05:30 DEBUG 26904 --- [doc-to-pdf-converter] [er-offprocmng-1] o.j.l.process.AbstractProcessManager     : Command line matches! Returning pid: 15604
2025-06-12T14:54:43.779+05:30  WARN 26904 --- [doc-to-pdf-converter] [er-offprocmng-1] o.j.l.office.LocalOfficeProcessManager   : A process with --accept 'socket,host=127.0.0.1,port=2003,tcpNoDelay=1;urp;StarOffice.ServiceManager' is already running; pid 15604; trying to kill it...
2025-06-12T14:54:44.016+05:30 DEBUG 26904 --- [doc-to-pdf-converter] [           main] j.b.a.JodConverterLocalAutoConfiguration : Loading document formats registry from resource [classpath:document-formats.json]
2025-06-12T14:54:44.126+05:30  INFO 26904 --- [doc-to-pdf-converter] [           main] c.c.d.DocToPdf.DocToPdfApplicationTests  : Started DocToPdfApplicationTests in 2.358 seconds (process running for 3.649)
]]></system-out>
  </testcase>
</testsuite>